[blackboxjumper.maweb.eu/index.html]
[backblue.gif]
[fade.gif]
[index.html]
[blackboxjumper.maweb.eu/wp-content/cache/autoptimize/css/autoptimize_548215f469b9508e443a2518560a345a.css]
[blackboxjumper.maweb.eu/comments/feed/index.html]
[blackboxjumper.maweb.eu/feed/index.html]
[blackboxjumper.maweb.eu/wp-content/cache/autoptimize/css/autoptimize_single_72eb95703bbcee516c047fc97f152d33ebb5.css]
[blackboxjumper.maweb.eu/index.html]
[blackboxjumper.maweb.eu/wp-content/cache/autoptimize/css/autoptimize_single_2e8e435011dba4d966aaf2a950391d897ea4.css]
[blackboxjumper.maweb.eu/wp-content/cache/autoptimize/css/autoptimize_single_e4fca45827e461ad4667bb665339060819fa.css]
[blackboxjumper.maweb.eu/wp-includes/js/jquery/jquery.min9d52.js]
[blackboxjumper.maweb.eu/wp-content/cache/autoptimize/css/autoptimize_548215f469b9508e443a2518560a345a.css]
[blackboxjumper.maweb.eu/wp-json/index.html]
[blackboxjumper.maweb.eu/wp-content/uploads/essential-addons-elementor/734e5f942.min7573.css]
[blackboxjumper.maweb.eu/wp-json/wp/v2/pages/15.json]
[blackboxjumper.maweb.eu/xmlrpc0db0.php]
[blackboxjumper.maweb.eu/wp-includes/wlwmanifest.xml]
[blackboxjumper.maweb.eu/wp-json/oembed/1.0/embedf01f.json]
[blackboxjumper.maweb.eu/wp-content/uploads/img/bg.jpg]
[blackboxjumper.maweb.eu/wp-content/uploads/essential-addons-elementor/734e5f942.min7573.css]
[blackboxjumper.maweb.eu/wp-content/uploads/2021/02/spr_player-icon-2-48x48.png]
[blackboxjumper.maweb.eu/wp-content/uploads/2021/02/spr_player-icon-2.png]
[blackboxjumper.maweb.eu/wp-content/cache/autoptimize/css/autoptimize_single_72eb95703bbcee516c047fc97f152d33ebb5.css]
[blackboxjumper.maweb.eu/wp-json/oembed/1.0/embeddaf1]
[blackboxjumper.maweb.eu/wp-content/cache/autoptimize/css/autoptimize_single_2e8e435011dba4d966aaf2a950391d897ea4.css]
[blackboxjumper.maweb.eu/wiki/index.html]
[blackboxjumper.maweb.eu/wiki/versions/index.html]
[blackboxjumper.maweb.eu/wp-content/cache/autoptimize/css/autoptimize_single_e4fca45827e461ad4667bb665339060819fa.css]
[blackboxjumper.maweb.eu/wp-content/plugins/elementor/assets/lib/eicons/fonts/eiconsc2cd.eot]
[blackboxjumper.maweb.eu/wiki/score-counter/index.html]
[blackboxjumper.maweb.eu/wiki/index.html]
[blackboxjumper.maweb.eu/wp-content/cache/autoptimize/css/autoptimize_single_2016d125d352f795dcec6f5a3941ac5a9afa.css]
[blackboxjumper.maweb.eu/wp-json/wp/v2/pages/18.json]
[blackboxjumper.maweb.eu/wp-content/cache/autoptimize/css/autoptimize_1071e5b33807c2669d461b9bbaee821d.css]
[blackboxjumper.maweb.eu/wp-content/uploads/essential-addons-elementor/734e5f942.min8f31.css]
[blackboxjumper.maweb.eu/wp-json/oembed/1.0/embed3c9d.json]
[blackboxjumper.maweb.eu/wp-content/uploads/essential-addons-elementor/734e5f942.min5d46.css]
[www.endora.cz/images/icon.png]
[blackboxjumper.maweb.eu/wp-content/cache/autoptimize/css/autoptimize_single_db7ad5d4ccd0209e297a5541bfa99deef7d0.css]
[blackboxjumper.maweb.eu/wiki/versions/index.html]
[blackboxjumper.maweb.eu/wp-json/wp/v2/pages/780.json]
[blackboxjumper.maweb.eu/wp-json/oembed/1.0/embed5fce]
[blackboxjumper.maweb.eu/wp-json/oembed/1.0/embedb305.json]
[blackboxjumper.maweb.eu/wp-content/uploads/essential-addons-elementor/734e5f942.mine6ac.css]
[blackboxjumper.maweb.eu/wp-json/oembed/1.0/embed8987]
[blackboxjumper.maweb.eu/wiki/score-counter/index.html]
[blackboxjumper.maweb.eu/wp-content/uploads/2021/04/bbj-score.png]
[blackboxjumper.maweb.eu/wp-content/cache/autoptimize/css/autoptimize_single_1943ebdd4b7cda5d90bd2d5e8c6244027fa5.css]
[blackboxjumper.maweb.eu/wp-content/cache/autoptimize/js/autoptimize_412515540c8a461a9070b64e9d68e5c5.js]
[blackboxjumper.maweb.eu/wp-json/wp/v2/pages/491.json]
[blackboxjumper.maweb.eu/wp-content/plugins/essential-addons-for-elementor-lite/assets/admin/images/templately/logo-icon.svg]
[blackboxjumper.maweb.eu/wp-json/oembed/1.0/embedf245.json]
[blackboxjumper.maweb.eu/wp-content/uploads/img/bg.html]
[blackboxjumper.maweb.eu/wp-content/uploads/essential-addons-elementor/734e5f942.min8f31.css]
[blackboxjumper.maweb.eu/wp-content/cache/autoptimize/css/autoptimize_single_2016d125d352f795dcec6f5a3941ac5a9afa.css]
[blackboxjumper.maweb.eu/index0735.html]
[blackboxjumper.maweb.eu/wp-content/cache/autoptimize/css/autoptimize_1071e5b33807c2669d461b9bbaee821d.css]
[blackboxjumper.maweb.eu/wp-content/uploads/essential-addons-elementor/734e5f942.min5d46.css]
[blackboxjumper.maweb.eu/wp-content/cache/autoptimize/css/autoptimize_single_db7ad5d4ccd0209e297a5541bfa99deef7d0.css]
[blackboxjumper.maweb.eu/index21b7.html]
[blackboxjumper.maweb.eu/wiki/versions/1-5/index.html]
[blackboxjumper.maweb.eu/wiki/versions/1-4-2-1/index.html]
[blackboxjumper.maweb.eu/wiki/versions/1-4-2/index.html]
[blackboxjumper.maweb.eu/wp-json/oembed/1.0/embed39f3]
[blackboxjumper.maweb.eu/wiki/versions/1-4-1/index.html]
[blackboxjumper.maweb.eu/wiki/versions-so/1-4-2-1/index.html]
[blackboxjumper.maweb.eu/wiki/versions/1-4/index.html]
[blackboxjumper.maweb.eu/wiki/versions-so/1-4-2/index.html]
[blackboxjumper.maweb.eu/wiki/versions-so/1-4-1/index.html]
[blackboxjumper.maweb.eu/wiki/versions-so/1-5/index.html]
[blackboxjumper.maweb.eu/wiki/versions/1-3/index.html]
[blackboxjumper.maweb.eu/wiki/versions/1-2/index.html]
[blackboxjumper.maweb.eu/wp-content/uploads/essential-addons-elementor/734e5f942.mine6ac.css]
[blackboxjumper.maweb.eu/wp-content/cache/autoptimize/css/autoptimize_single_1943ebdd4b7cda5d90bd2d5e8c6244027fa5.css]
[blackboxjumper.maweb.eu/index87e8.html]
[blackboxjumper.maweb.eu/wiki/versions-so/1-4/index.html]
[blackboxjumper.maweb.eu/wiki/versions-so/1-5/index.html]
[img.itch.zone/aW1hZ2UvNjU5MDM4LzUwNzYwODIucG5n/original/wSNwUB.png]
[blackboxjumper.maweb.eu/wp-content/cache/autoptimize/css/autoptimize_single_2929adb0d51bfce44db33cbade76b2c7a9e0.css]
[blackboxjumper.maweb.eu/wiki/versions-so/1-2/index.html]
[blackboxjumper.maweb.eu/wiki/versions-so/1-3/index.html]
[blackboxjumper.maweb.eu/wp-json/wp/v2/pages/620.json]
[blackboxjumper.maweb.eu/wp-json/oembed/1.0/embed5776.json]
[blackboxjumper.maweb.eu/wp-content/uploads/essential-addons-elementor/734e5f942.min53f2.css]
[blackboxjumper.maweb.eu/wiki/versions-so/1-4-2-1/index.html]
[img.itch.zone/aW1hZ2UvNjU5MDM4LzQ5MDEzMTAuanBn/original/dL+Nvv.jpg]
[blackboxjumper.maweb.eu/wp-json/oembed/1.0/embed8a62]
[blackboxjumper.maweb.eu/wp-content/uploads/2021/04/bandicam-2021-04-24-17-59-48-349.jpg]
[blackboxjumper.maweb.eu/wp-content/uploads/2021/02/Black_Box_Jumper_1_4__31-12-2020-16-43-44-10.jpg]
[blackboxjumper.maweb.eu/wiki/versions-so/1-5/blackboxjumper.maweb.eu/wiki/versions/1-4-2_1.html]
[blackboxjumper.maweb.eu/wiki/versions-so/1-4-2/index.html]
[blackboxjumper.maweb.eu/wp-content/uploads/2021/04/bandicam-2021-04-24-18-04-08-543-1024x576.jpg]
[blackboxjumper.maweb.eu/wp-content/uploads/2021/04/bandicam-2021-04-24-18-04-08-543.jpg]
[blackboxjumper.maweb.eu/wp-content/uploads/2021/02/Black_Box_Jumper_1_4__31-12-2020-16-43-44-10-1024x576.jpg]
[blackboxjumper.maweb.eu/wp-content/uploads/2021/04/bandicam-2021-04-24-18-03-54-310.jpg]
[blackboxjumper.maweb.eu/wiki/versions-so/1-4-1/index.html]
[blackboxjumper.maweb.eu/wp-content/uploads/2021/04/bandicam-2021-04-24-18-03-54-310-1024x576.jpg]
[blackboxjumper.maweb.eu/wp-content/cache/autoptimize/css/autoptimize_single_66e27e84e892440066c852843bb86c5c7197.css]
[blackboxjumper.maweb.eu/wp-json/wp/v2/pages/661.json]
[blackboxjumper.maweb.eu/wp-json/oembed/1.0/embede820.json]
[blackboxjumper.maweb.eu/wp-content/uploads/essential-addons-elementor/734e5f942.mind391.css]
[blackboxjumper.maweb.eu/wiki/versions-so/1-4/index.html]
[blackboxjumper.maweb.eu/wp-content/cache/autoptimize/css/autoptimize_single_92ca73a57852453755ca5045586c3574f059.css]
[blackboxjumper.maweb.eu/wp-json/oembed/1.0/embed1fa8]
[blackboxjumper.maweb.eu/wp-content/uploads/essential-addons-elementor/734e5f942.min61ee.css]
[blackboxjumper.maweb.eu/wp-json/wp/v2/pages/666.json]
[blackboxjumper.maweb.eu/wp-json/oembed/1.0/embed3bef.json]
[blackboxjumper.maweb.eu/wp-content/uploads/essential-addons-elementor/734e5f942.minb6d1.css]
[blackboxjumper.maweb.eu/wp-content/cache/autoptimize/css/autoptimize_single_2d5446fc2d92c6c74ec3837550ddf53c2cef.css]
[blackboxjumper.maweb.eu/wp-json/oembed/1.0/embed1acd]
[blackboxjumper.maweb.eu/wiki/versions-so/1-3/index.html]
[blackboxjumper.maweb.eu/wiki/versions-so/1-2/index.html]
[blackboxjumper.maweb.eu/wp-content/uploads/essential-addons-elementor/734e5f942.min53f2.css]
[blackboxjumper.maweb.eu/wp-json/oembed/1.0/embed8360.json]
[blackboxjumper.maweb.eu/wp-content/cache/autoptimize/css/autoptimize_single_2929adb0d51bfce44db33cbade76b2c7a9e0.css]
[blackboxjumper.maweb.eu/wp-content/cache/autoptimize/css/autoptimize_single_755a0b8befa047b2dcbfa3846778e8a2b1b6.css]
[blackboxjumper.maweb.eu/wp-json/wp/v2/pages/674.json]
[blackboxjumper.maweb.eu/index2c3d.html]
[blackboxjumper.maweb.eu/wp-json/oembed/1.0/embed6194]
[blackboxjumper.maweb.eu/wp-json/wp/v2/pages/425.json]
[blackboxjumper.maweb.eu/wiki/versions-so/1-5/blackboxjumper.maweb.eu/wiki/versions/1-4/index.html]
[blackboxjumper.maweb.eu/wp-content/uploads/2021/06/hM9Gvp.png]
[blackboxjumper.maweb.eu/wp-json/oembed/1.0/embed67ed.json]
[blackboxjumper.maweb.eu/wiki/versions-so/1-5/blackboxjumper.maweb.eu/wiki/versions/1-4-2_1.html]
[blackboxjumper.maweb.eu/wp-content/cache/autoptimize/css/autoptimize_single_db0fd50a9fd05e67ce07b73941e0f65f7fd0.css]
[blackboxjumper.maweb.eu/wp-content/cache/autoptimize/css/autoptimize_single_66e27e84e892440066c852843bb86c5c7197.css]
[blackboxjumper.maweb.eu/wp-json/oembed/1.0/embed2ba7]
[blackboxjumper.maweb.eu/indexd4f5.html]
[blackboxjumper.maweb.eu/wp-json/oembed/1.0/embeda65b.json]
[blackboxjumper.maweb.eu/wp-json/wp/v2/pages/716.json]
[blackboxjumper.maweb.eu/wp-content/uploads/2021/06/M7Awf2-1024x612.png]
[blackboxjumper.maweb.eu/wp-content/cache/autoptimize/css/autoptimize_single_92ca73a57852453755ca5045586c3574f059.css]
[blackboxjumper.maweb.eu/wp-content/uploads/2021/06/dVADtq.png]
[blackboxjumper.maweb.eu/wp-content/uploads/2021/06/hM9Gvp-1.png]
[blackboxjumper.maweb.eu/index197a.html]
[blackboxjumper.maweb.eu/wp-json/oembed/1.0/embed1f10]
[blackboxjumper.maweb.eu/wp-content/uploads/2021/06/DOSmi1.png]
[blackboxjumper.maweb.eu/wp-content/uploads/2021/06/HHnlj8.png]
[blackboxjumper.maweb.eu/wp-content/uploads/2021/06/M7Awf2-1.png]
[blackboxjumper.maweb.eu/wp-content/uploads/essential-addons-elementor/734e5f942.min61ee.css]
[blackboxjumper.maweb.eu/wp-content/cache/autoptimize/css/autoptimize_single_2d5446fc2d92c6c74ec3837550ddf53c2cef.css]
[blackboxjumper.maweb.eu/index030b.html]
[blackboxjumper.maweb.eu/wp-content/uploads/essential-addons-elementor/734e5f942.mind391.css]
[blackboxjumper.maweb.eu/wp-content/cache/autoptimize/css/autoptimize_single_c7a8e64ebfa32cdd5eb0554bbb0895a72479.css]
[blackboxjumper.maweb.eu/wp-content/cache/autoptimize/css/autoptimize_single_755a0b8befa047b2dcbfa3846778e8a2b1b6.css]
[blackboxjumper.maweb.eu/wp-json/wp/v2/pages/742.json]
[blackboxjumper.maweb.eu/wp-json/oembed/1.0/embed23fb.json]
[blackboxjumper.maweb.eu/index27ac.html]
[blackboxjumper.maweb.eu/wp-content/uploads/essential-addons-elementor/734e5f942.minb6d1.css]
[blackboxjumper.maweb.eu/wp-content/cache/autoptimize/css/autoptimize_single_db0fd50a9fd05e67ce07b73941e0f65f7fd0.css]
[blackboxjumper.maweb.eu/index7e39.html]
[blackboxjumper.maweb.eu/wiki/versions/1-2]
[blackboxjumper.maweb.eu/wp-content/cache/autoptimize/css/autoptimize_single_c7a8e64ebfa32cdd5eb0554bbb0895a72479.css]
[blackboxjumper.maweb.eu/indexe0d2.html]
[blackboxjumper.maweb.eu/wiki/versions/1-1.html]
[blackboxjumper.maweb.eu/wp-json/oembed/1.0/embed895a]
[blackboxjumper.maweb.eu/wiki/versions/1-1.html]
